<?xml version="1.0" encoding="UTF-8"?>
<testng-results skipped="0" failed="0" ignored="0" total="1" passed="1">
  <reporter-output>
  </reporter-output>
  <suite name="Default suite" duration-ms="74146" started-at="2018-08-10T05:07:50Z" finished-at="2018-08-10T05:09:04Z">
    <groups>
    </groups>
    <test name="Default test" duration-ms="74146" started-at="2018-08-10T05:07:50Z" finished-at="2018-08-10T05:09:04Z">
      <class name="com.Acquire.TestCases.VerifyAcquireLogin">
        <test-method status="PASS" signature="VerifyValidLogin()[pri:0, instance:com.Acquire.TestCases.VerifyAcquireLogin@2833cc44]" name="VerifyValidLogin" duration-ms="74097" started-at="2018-08-10T05:07:50Z" finished-at="2018-08-10T05:09:04Z">
          <reporter-output>
          </reporter-output>
        </test-method> <!-- VerifyValidLogin -->
      </class> <!-- com.Acquire.TestCases.VerifyAcquireLogin -->
    </test> <!-- Default test -->
  </suite> <!-- Default suite -->
</testng-results>
